
fetchData() accessed, display username
fetchData() accessed, display email
fetchData() accessed, display balance
fetchData() accessed, display username for andre
fetchData() accessed, display email for andre
fetchData() accessed, display balance for andre
fetchData() accessed, display username for doritos7
fetchData() accessed, display email for doritos7
fetchData() accessed, display balance for doritos7
fetchData() accessed, display username for 
fetchData() accessed, display email for 
fetchData() accessed, display balance for 
fetchData() accessed, display username for 
fetchData() accessed, display email for 
fetchData() accessed, display balance for 
fetchData() accessed, display username for andre
fetchData() accessed, display email for andre
fetchData() accessed, display balance for andre
fetchData() accessed, display username for andre
fetchData() accessed, display email for andre
fetchData() accessed, display balance for andre
fetchData() accessed, display username for andre
fetchData() accessed, display email for andre
fetchData() accessed, display balance for andre
fetchData() accessed, display username for andre
fetchData() accessed, display email for andre
fetchData() accessed, display balance for andre
fetchData() accessed, display username for andre
fetchData() accessed, display email for andre
fetchData() accessed, display balance for andre
fetchData() accessed, display username for andre
fetchData() accessed, display email for andre
fetchData() accessed, display balance for andre
fetchData() accessed, display username for andre
fetchData() accessed, display email for andre
fetchData() accessed, display balance for andre
fetchData() accessed, display username for doritos7
fetchData() accessed, display email for doritos7
fetchData() accessed, display balance for doritos7
fetchData() accessed, display username for doritos7
fetchData() accessed, display email for doritos7
fetchData() accessed, display balance for doritos7
fetchData() accessed, display username for andre
fetchData() accessed, display email for andre
fetchData() accessed, display balance for andre
fetchData() accessed, display username for andre
fetchData() accessed, display email for andre
fetchData() accessed, display balance for andre
fetchData() accessed, display username for andre
fetchData() accessed, display email for andre
fetchData() accessed, display balance for andre
fetchData() accessed, display username for andre
fetchData() accessed, display email for andre
fetchData() accessed, display balance for andre
fetchData() accessed, display username for andre
fetchData() accessed, display email for andre
fetchData() accessed, display balance for andre
fetchData() accessed, display username for andre
fetchData() accessed, display email for andre
fetchData() accessed, display balance for andre
fetchData() accessed, display username for andre
fetchData() accessed, display email for andre
fetchData() accessed, display balance for andre
fetchData() accessed, display username for andre
fetchData() accessed, display email for andre
fetchData() accessed, display balance for andre
fetchData() accessed, display username for andre
fetchData() accessed, display email for andre
fetchData() accessed, display balance for andre
fetchData() accessed, display username for 
fetchData() accessed, display email for 
fetchData() accessed, display balance for 
fetchData() accessed, display username for 
fetchData() accessed, display email for 
fetchData() accessed, display balance for 
fetchData() accessed, display username for 
fetchData() accessed, display email for 
fetchData() accessed, display balance for 
fetchData() accessed, display username for 
fetchData() accessed, display email for 
fetchData() accessed, display balance for 
fetchData() accessed, display username for andre
fetchData() accessed, display email for andre
fetchData() accessed, display balance for andre
fetchData() accessed, display username for andre
fetchData() accessed, display email for andre
fetchData() accessed, display balance for andre
fetchData() accessed, display username for andre
fetchData() accessed, display email for andre
fetchData() accessed, display balance for andre
fetchData() accessed, display username for andre
fetchData() accessed, display email for andre
fetchData() accessed, display balance for andre
fetchData() accessed, display username for andre
fetchData() accessed, display email for andre
fetchData() accessed, display balance for andre
fetchData() accessed, display username for andre
fetchData() accessed, display email for andre
fetchData() accessed, display balance for andre
fetchData() accessed, display username for andre
fetchData() accessed, display email for andre
fetchData() accessed, display balance for andre
fetchData() accessed, display username for andre
fetchData() accessed, display email for andre
fetchData() accessed, display balance for andre
fetchData() accessed, display username for andre
fetchData() accessed, display email for andre
fetchData() accessed, display balance for andre
fetchData() accessed, display username for andre
fetchData() accessed, display email for andre
fetchData() accessed, display balance for andre
fetchData() accessed, display username for andre
fetchData() accessed, display email for andre
fetchData() accessed, display balance for andre
fetchData() accessed, display username for andre
fetchData() accessed, display email for andre
fetchData() accessed, display balance for andre
fetchData() accessed, display username for andre
fetchData() accessed, display email for andre
fetchData() accessed, display balance for andre
fetchData() accessed, display username for andre
fetchData() accessed, display email for andre
fetchData() accessed, display balance for andre
fetchData() accessed, display username for andre
fetchData() accessed, display email for andre
fetchData() accessed, display balance for andre
fetchData() accessed, display username for andre
fetchData() accessed, display email for andre
fetchData() accessed, display balance for andre
fetchData() accessed, display username for andre
fetchData() accessed, display email for andre
fetchData() accessed, display balance for andre
fetchData() accessed, display username for fohreal
fetchData() accessed, display email for fohreal
fetchData() accessed, display balance for fohreal
fetchData() accessed, display username for fohreal
fetchData() accessed, display email for fohreal
fetchData() accessed, display balance for fohreal
fetchData() accessed, display username for fohreal
fetchData() accessed, display email for fohreal
fetchData() accessed, display balance for fohreal
fetchData() accessed, display username for fohreal
fetchData() accessed, display email for fohreal
fetchData() accessed, display balance for fohreal
fetchData() accessed, display username for fohreal
fetchData() accessed, display email for fohreal
fetchData() accessed, display balance for fohreal
fetchData() accessed, display username for fohreal
fetchData() accessed, display email for fohreal
fetchData() accessed, display balance for fohreal
fetchData() accessed, display username for fohreal
fetchData() accessed, display email for fohreal
fetchData() accessed, display balance for fohreal
fetchData() accessed, display username for fohreal
fetchData() accessed, display email for fohreal
fetchData() accessed, display balance for fohreal
fetchData() accessed, display username for fohreal
fetchData() accessed, display email for fohreal
fetchData() accessed, display balance for fohreal
fetchData() accessed, display username for fohreal
fetchData() accessed, display email for fohreal
fetchData() accessed, display balance for fohreal
fetchData() accessed, display username for fohreal
fetchData() accessed, display email for fohreal
fetchData() accessed, display balance for fohreal
fetchData() accessed, display username for fantasy
fetchData() accessed, display email for fantasy
fetchData() accessed, display balance for fantasy
fetchData() accessed, display username for fantasy
fetchData() accessed, display email for fantasy
fetchData() accessed, display balance for fantasy
fetchData() accessed, display username for fantasy
fetchData() accessed, display email for fantasy
fetchData() accessed, display balance for fantasy
fetchData() accessed, display username for fantasy
fetchData() accessed, display email for fantasy
fetchData() accessed, display balance for fantasy
fetchData() accessed, display username for fantasy
fetchData() accessed, display email for fantasy
fetchData() accessed, display balance for fantasy
fetchData() accessed, display username for fantasy
fetchData() accessed, display email for fantasy
fetchData() accessed, display balance for fantasy
fetchData() accessed, display username for fantasy
fetchData() accessed, display email for fantasy
fetchData() accessed, display balance for fantasy
fetchData() accessed, display username for fantasy
fetchData() accessed, display email for fantasy
fetchData() accessed, display balance for fantasy
fetchData() accessed, display username for fantasy
fetchData() accessed, display email for fantasy
fetchData() accessed, display balance for fantasy
fetchData() accessed, display username for fantasy
fetchData() accessed, display email for fantasy
fetchData() accessed, display balance for fantasy
fetchData() accessed, display username for fantasy
fetchData() accessed, display email for fantasy
fetchData() accessed, display balance for fantasy
fetchData() accessed, display username for 
fetchData() accessed, display email for 
fetchData() accessed, display balance for 
fetchData() accessed, display username for 
fetchData() accessed, display email for 
fetchData() accessed, display balance for 
fetchData() accessed, display username for 
fetchData() accessed, display email for 
fetchData() accessed, display balance for 
fetchData() accessed, display username for 
fetchData() accessed, display email for 
fetchData() accessed, display balance for 
fetchData() accessed, display username for flower
fetchData() accessed, display email for flower
fetchData() accessed, display balance for flower
fetchData() accessed, display username for flower
fetchData() accessed, display email for flower
fetchData() accessed, display balance for flower
fetchData() accessed, display username for flower
fetchData() accessed, display email for flower
fetchData() accessed, display balance for flower
fetchData() accessed, display username for flower
fetchData() accessed, display email for flower
fetchData() accessed, display balance for flower
fetchData() accessed, display username for mario
fetchData() accessed, display email for mario
fetchData() accessed, display balance for mario
fetchData() accessed, display username for mario
fetchData() accessed, display email for mario
fetchData() accessed, display balance for mario
fetchData() accessed, display username for mario
fetchData() accessed, display email for mario
fetchData() accessed, display balance for mario
fetchData() accessed, display username for mario
fetchData() accessed, display email for mario
fetchData() accessed, display balance for mario
fetchData() accessed, display username for mario
fetchData() accessed, display email for mario
fetchData() accessed, display balance for mario
fetchData() accessed, display username for mario
fetchData() accessed, display email for mario
fetchData() accessed, display balance for mario
fetchData() accessed, display username for mario
fetchData() accessed, display email for mario
fetchData() accessed, display balance for mario
fetchData() accessed, display username for wendys
fetchData() accessed, display email for wendys
fetchData() accessed, display balance for wendys
fetchData() accessed, display username for 
fetchData() accessed, display email for 
fetchData() accessed, display balance for 
fetchData() accessed, display username for duke
fetchData() accessed, display email for duke
fetchData() accessed, display balance for duke
fetchData() accessed, display username for duke
fetchData() accessed, display email for duke
fetchData() accessed, display balance for duke
fetchData() accessed, display username for duke
fetchData() accessed, display email for duke
fetchData() accessed, display balance for duke
fetchData() accessed, display username for duke
fetchData() accessed, display email for duke
fetchData() accessed, display balance for duke
fetchData() accessed, display username for luigi
fetchData() accessed, display email for luigi
fetchData() accessed, display balance for luigi
fetchData() accessed, display username for luigi
fetchData() accessed, display email for luigi
fetchData() accessed, display balance for luigi
fetchData() accessed, display username for andre
fetchData() accessed, display email for andre
fetchData() accessed, display balance for andre
fetchData() accessed, display username for andre
fetchData() accessed, display email for andre
fetchData() accessed, display balance for andre
fetchData() accessed, display username for andre
fetchData() accessed, display email for andre
fetchData() accessed, display balance for andre
fetchData() accessed, display username for andre
fetchData() accessed, display email for andre
fetchData() accessed, display balance for andre
fetchData() accessed, display username for lionel
fetchData() accessed, display email for lionel
fetchData() accessed, display balance for lionel
fetchData() accessed, display username for lionel
fetchData() accessed, display email for lionel
fetchData() accessed, display balance for lionel
fetchData() accessed, display username for lionel
fetchData() accessed, display email for lionel
fetchData() accessed, display balance for lionel
fetchData() accessed, display username for lionel
fetchData() accessed, display email for lionel
fetchData() accessed, display balance for lionel
fetchData() accessed, display username for lionel
fetchData() accessed, display email for lionel
fetchData() accessed, display balance for lionel
fetchData() accessed, display username for lionel
fetchData() accessed, display email for lionel
fetchData() accessed, display balance for lionel
fetchData() accessed, display username for lionel
fetchData() accessed, display email for lionel
fetchData() accessed, display balance for lionel
fetchData() accessed, display username for andre
fetchData() accessed, display email for andre
fetchData() accessed, display balance for andre
fetchData() accessed, display username for andre
fetchData() accessed, display email for andre
fetchData() accessed, display balance for andre
fetchData() accessed, display username for andre
fetchData() accessed, display email for andre
fetchData() accessed, display balance for andre
fetchData() accessed, display username for andre
fetchData() accessed, display email for andre
fetchData() accessed, display balance for andre
fetchData() accessed, display username for andre
fetchData() accessed, display username for andre
fetchData() accessed, display email for andre
fetchData() accessed, display balance for andre
fetchData() accessed, display username for andre
fetchData() accessed, display email for andre
fetchData() accessed, display balance for andre
fetchData() accessed, display username for andre
fetchData() accessed, display email for andre
fetchData() accessed, display balance for andre
fetchData() accessed, display username for real2
fetchData() accessed, display email for real2
fetchData() accessed, display balance for real2
fetchData() accessed, display username for real2
fetchData() accessed, display email for real2
fetchData() accessed, display balance for real2
fetchData() accessed, display username for real2
fetchData() accessed, display email for real2
fetchData() accessed, display balance for real2
fetchData() accessed, display username for real2
fetchData() accessed, display email for real2
fetchData() accessed, display balance for real2
fetchData() accessed, display username for real2
fetchData() accessed, display email for real2
fetchData() accessed, display balance for real2
fetchData() accessed, display username for real3
fetchData() accessed, display email for real3
fetchData() accessed, display balance for real3
fetchData() accessed, display username for real3
fetchData() accessed, display email for real3
fetchData() accessed, display balance for real3
fetchData() accessed, display username for real3
fetchData() accessed, display email for real3
fetchData() accessed, display balance for real3
fetchData() accessed, display username for real3
fetchData() accessed, display email for real3
fetchData() accessed, display balance for real3
fetchData() accessed, display username for real3
fetchData() accessed, display email for real3
fetchData() accessed, display balance for real3
fetchData() accessed, display username for real4
fetchData() accessed, display email for real4
fetchData() accessed, display balance for real4
fetchData() accessed, display username for real4
fetchData() accessed, display email for real4
fetchData() accessed, display balance for real4
fetchData() accessed, display username for real3
fetchData() accessed, display email for real3
fetchData() accessed, display balance for real3
fetchData() accessed, display username for real4
fetchData() accessed, display email for real4
fetchData() accessed, display balance for real4
fetchData() accessed, display username for real4
fetchData() accessed, display email for real4
fetchData() accessed, display balance for real4
fetchData() accessed, display username for real4
fetchData() accessed, display email for real4
fetchData() accessed, display balance for real4
fetchData() accessed, display username for real4
fetchData() accessed, display email for real4
fetchData() accessed, display balance for real4
fetchData() accessed, display username for real4
fetchData() accessed, display email for real4
fetchData() accessed, display balance for real4
fetchData() accessed, display username for real4
fetchData() accessed, display email for real4
fetchData() accessed, display balance for real4
fetchData() accessed, display username for 
fetchData() accessed, display email for 
fetchData() accessed, display balance for 
fetchData() accessed, display username for andre
fetchData() accessed, display email for andre
fetchData() accessed, display balance for andre
fetchData() accessed, display username for andre
fetchData() accessed, display email for andre
fetchData() accessed, display balance for andre
fetchData() accessed, display username for andre
fetchData() accessed, display email for andre
fetchData() accessed, display balance for andre
fetchData() accessed, display username for andre
fetchData() accessed, display email for andre
fetchData() accessed, display balance for andre
fetchData() accessed, display username for eagle
fetchData() accessed, display email for eagle
fetchData() accessed, display balance for eagle
fetchData() accessed, display username for eagle
fetchData() accessed, display email for eagle
fetchData() accessed, display balance for eagle
fetchData() accessed, display username for andre
fetchData() accessed, display email for andre
fetchData() accessed, display balance for andre
fetchData() accessed, display username for andre
fetchData() accessed, display email for andre
fetchData() accessed, display balance for andre
fetchData() accessed, display username for andre
fetchData() accessed, display email for andre
fetchData() accessed, display balance for andre
fetchData() accessed, display username for andre
fetchData() accessed, display email for andre
fetchData() accessed, display balance for andre
fetchData() accessed, display username for kehoe
fetchData() accessed, display email for kehoe
fetchData() accessed, display balance for kehoe
fetchData() accessed, display username for kehoe
fetchData() accessed, display email for kehoe
fetchData() accessed, display balance for kehoe
fetchData() accessed, display username for kehoe
fetchData() accessed, display email for kehoe
fetchData() accessed, display balance for kehoe
fetchData() accessed, display username for kehoe
fetchData() accessed, display email for kehoe
fetchData() accessed, display balance for kehoe
fetchData() accessed, display username for kehoe
fetchData() accessed, display email for kehoe
fetchData() accessed, display balance for kehoe
fetchData() accessed, display username for itfour
fetchData() accessed, display email for itfour
fetchData() accessed, display balance for itfour
fetchData() accessed, display username for itfour
fetchData() accessed, display email for itfour
fetchData() accessed, display balance for itfour
fetchData() accessed, display username for andre
fetchData() accessed, display email for andre
fetchData() accessed, display balance for andre
fetchData() accessed, display username for andre
fetchData() accessed, display email for andre
fetchData() accessed, display balance for andre
fetchData() accessed, display username for andre
fetchData() accessed, display email for andre
fetchData() accessed, display balance for andre
fetchData() accessed, display username for present
fetchData() accessed, display email for present
fetchData() accessed, display balance for present
fetchData() accessed, display username for present
fetchData() accessed, display email for present
fetchData() accessed, display balance for present
fetchData() accessed, display username for present
fetchData() accessed, display email for present
fetchData() accessed, display balance for present