
Login Successful: andre has logged in
andre has logged out
Login Successful: andre has logged in
andre has logged out
andre has logged out
andre has logged out
andre has logged out
andre has logged out
andre has logged out
andre has logged out
andre has logged out
andre has logged out
andre has logged out
andre has logged out
andre has logged out
andre has logged out
andre has logged out
andre has logged out
andre has logged out
andre has logged out
 has logged out
 has logged out
Login Successful: fohreal has logged in
fohreal has logged out
fohreal has logged out
fohreal has logged out
fohreal has logged out
fohreal has logged out
fohreal has logged out
fohreal has logged out
fohreal has logged out
fohreal has logged out
fohreal has logged out
fohreal has logged out
fohreal has logged out
Login Successful: fantasy has logged in
fantasy has logged out
fantasy has logged out
fantasy has logged out
fantasy has logged out
fantasy has logged out
fantasy has logged out
fantasy has logged out
fantasy has logged out
fantasy has logged out
fantasy has logged out
fantasy has logged out
 has logged out
 has logged out
 has logged out
 has logged out
flower has logged out
flower has logged out
flower has logged out
flower has logged out
mario has logged out
mario has logged out
mario has logged out
mario has logged out
mario has logged out
mario has logged out
mario has logged out
mario has logged out
Login Successful: wendys has logged in
wendys has logged out
 has logged out
Login Successful: duke has logged in
duke has logged out
duke has logged out
duke has logged out
duke has logged out
duke has logged out
Login Successful: luigi has logged in
luigi has logged out
luigi has logged out
andre has logged out
andre has logged out
andre has logged out
andre has logged out
Login Failed: Username/Password Incorrect
Login Successful: lionel has logged in
lionel has logged out
lionel has logged out
lionel has logged out
lionel has logged out
Login Successful: lionel has logged in
lionel has logged out
lionel has logged out
lionel has logged out
lionel has logged out
lionel has logged out
Login Successful: lionel has logged in
Login Successful: lionel has logged in
Login Successful: lionel has logged in
lionel has logged out
lionel has logged out
lionel has logged out
Login Successful: andre has logged in
andre has logged out
andre has logged out
andre has logged out
andre has logged out
andre has logged out
andre has logged out
andre has logged out
andre has logged out
andre has logged out
Login Successful: real2 has logged in
real2 has logged out
real2 has logged out
real2 has logged out
real2 has logged out
real2 has logged out
real2 has logged out
Login Successful: real3 has logged in
real3 has logged out
real3 has logged out
real3 has logged out
real3 has logged out
real3 has logged out
real3 has logged out
Login Successful: real4 has logged in
real4 has logged out
real4 has logged out
real4 has logged out
Login Successful: real3 has logged in
real3 has logged out
real3 has logged out
Login Successful: real4 has logged in
real4 has logged out
real4 has logged out
real4 has logged out
real4 has logged out
real4 has logged out
real4 has logged out
 has logged out
Login Successful: andre has logged in
andre has logged out
Login Successful: andre has logged in
andre has logged out
Login Successful: andre has logged in
andre has logged out
Login Successful: andre has logged in
Login Successful: andre has logged in
andre has logged out
andre has logged out
andre has logged out
eagle has logged out
eagle has logged out
eagle has logged out
Login Successful: andre has logged in
andre has logged out
andre has logged out
andre has logged out
andre has logged out
Login Successful: andre has logged in
andre has logged out
andre has logged out
andre has logged out
Login Successful: kehoe has logged in
kehoe has logged out
kehoe has logged out
kehoe has logged out
kehoe has logged out
kehoe has logged out
kehoe has logged out
Login Failed: Username/Password Incorrect
Login Successful: kehoe has logged in
Login Failed: Username/Password Incorrect
Login Successful: itfour has logged in
itfour has logged out
itfour has logged out
itfour has logged out
Login Successful: itfour has logged in
itfour has logged out
Login Successful: andre has logged in
Login Successful: andre has logged in
andre has logged out
Login Successful: andre has logged in
andre has logged out
andre has logged out
Login Successful: andre has logged in
andre has logged out
andre has logged out
andre has logged out
Login Successful: present has logged in
present has logged out
present has logged out
present has logged out
present has logged out
Login Successful: present has logged in
present has logged out
Login Successful: andre has logged in